REGRESSION RESULTS
==================

PASSED TESTS: 0

----------------
FAILED TESTS: 750
test_name : axi_random_wr_rd_16wstrb_test    seed : 17317
test_name : axi_random_wr_rd_16wstrb_test    seed : 69730
test_name : axi_random_wr_rd_16wstrb_test    seed : 75785
test_name : axi_random_wr_rd_16wstrb_test    seed : 45723
test_name : axi_random_wr_rd_16wstrb_test    seed : 79816
test_name : axi_random_wr_rd_16wstrb_test    seed : 26764
test_name : axi_random_wr_rd_16wstrb_test    seed : 62387
test_name : axi_random_wr_rd_16wstrb_test    seed : 17533
test_name : axi_random_wr_rd_16wstrb_test    seed : 1811
test_name : axi_random_wr_rd_16wstrb_test    seed : 75461
test_name : axi_random_wr_rd_16wstrb_test    seed : 94333
test_name : axi_random_wr_rd_16wstrb_test    seed : 2291
test_name : axi_random_wr_rd_16wstrb_test    seed : 79618
test_name : axi_random_wr_rd_16wstrb_test    seed : 28786
test_name : axi_random_wr_rd_16wstrb_test    seed : 28709
test_name : axi_random_wr_rd_16wstrb_test    seed : 75250
test_name : axi_random_wr_rd_16wstrb_test    seed : 96578
test_name : axi_random_wr_rd_16wstrb_test    seed : 71842
test_name : axi_random_wr_rd_16wstrb_test    seed : 43247
test_name : axi_random_wr_rd_16wstrb_test    seed : 15969
test_name : axi_random_wr_rd_16wstrb_test    seed : 22587
test_name : axi_random_wr_rd_16wstrb_test    seed : 76967
test_name : axi_random_wr_rd_16wstrb_test    seed : 72056
test_name : axi_random_wr_rd_16wstrb_test    seed : 50533
test_name : axi_random_wr_rd_16wstrb_test    seed : 75314
test_name : axi_random_wr_rd_16wstrb_test    seed : 72650
test_name : axi_random_wr_rd_16wstrb_test    seed : 60754
test_name : axi_random_wr_rd_16wstrb_test    seed : 29298
test_name : axi_random_wr_rd_16wstrb_test    seed : 16672
test_name : axi_random_wr_rd_16wstrb_test    seed : 46364
test_name : axi_random_wr_rd_16wstrb_test    seed : 53517
test_name : axi_random_wr_rd_16wstrb_test    seed : 28421
test_name : axi_random_wr_rd_16wstrb_test    seed : 37200
test_name : axi_random_wr_rd_16wstrb_test    seed : 35853
test_name : axi_random_wr_rd_16wstrb_test    seed : 78349
test_name : axi_random_wr_rd_16wstrb_test    seed : 51117
test_name : axi_random_wr_rd_16wstrb_test    seed : 2258
test_name : axi_random_wr_rd_16wstrb_test    seed : 56150
test_name : axi_random_wr_rd_16wstrb_test    seed : 31597
test_name : axi_random_wr_rd_16wstrb_test    seed : 6148
test_name : axi_random_wr_rd_16wstrb_test    seed : 26748
test_name : axi_random_wr_rd_16wstrb_test    seed : 74711
test_name : axi_random_wr_rd_16wstrb_test    seed : 14748
test_name : axi_random_wr_rd_16wstrb_test    seed : 76917
test_name : axi_random_wr_rd_16wstrb_test    seed : 84170
test_name : axi_random_wr_rd_16wstrb_test    seed : 77485
test_name : axi_random_wr_rd_16wstrb_test    seed : 40127
test_name : axi_random_wr_rd_16wstrb_test    seed : 86605
test_name : axi_random_wr_rd_16wstrb_test    seed : 86188
test_name : axi_random_wr_rd_16wstrb_test    seed : 21744
test_name : axi_fixed_burst_test    seed : 74298
test_name : axi_fixed_burst_test    seed : 61711
test_name : axi_fixed_burst_test    seed : 30892
test_name : axi_fixed_burst_test    seed : 93182
test_name : axi_fixed_burst_test    seed : 13612
test_name : axi_fixed_burst_test    seed : 98137
test_name : axi_fixed_burst_test    seed : 72188
test_name : axi_fixed_burst_test    seed : 35433
test_name : axi_fixed_burst_test    seed : 3144
test_name : axi_fixed_burst_test    seed : 17267
test_name : axi_fixed_burst_test    seed : 15253
test_name : axi_fixed_burst_test    seed : 99101
test_name : axi_fixed_burst_test    seed : 93679
test_name : axi_fixed_burst_test    seed : 42628
test_name : axi_fixed_burst_test    seed : 69983
test_name : axi_fixed_burst_test    seed : 27957
test_name : axi_fixed_burst_test    seed : 39781
test_name : axi_fixed_burst_test    seed : 35349
test_name : axi_fixed_burst_test    seed : 67375
test_name : axi_fixed_burst_test    seed : 14675
test_name : axi_fixed_burst_test    seed : 41353
test_name : axi_fixed_burst_test    seed : 55220
test_name : axi_fixed_burst_test    seed : 54883
test_name : axi_fixed_burst_test    seed : 83722
test_name : axi_fixed_burst_test    seed : 20512
test_name : axi_fixed_burst_test    seed : 96520
test_name : axi_fixed_burst_test    seed : 72921
test_name : axi_fixed_burst_test    seed : 506
test_name : axi_fixed_burst_test    seed : 61648
test_name : axi_fixed_burst_test    seed : 18462
test_name : axi_fixed_burst_test    seed : 83639
test_name : axi_fixed_burst_test    seed : 33106
test_name : axi_fixed_burst_test    seed : 64914
test_name : axi_fixed_burst_test    seed : 10078
test_name : axi_fixed_burst_test    seed : 77498
test_name : axi_fixed_burst_test    seed : 64678
test_name : axi_fixed_burst_test    seed : 19339
test_name : axi_fixed_burst_test    seed : 11288
test_name : axi_fixed_burst_test    seed : 46298
test_name : axi_fixed_burst_test    seed : 43569
test_name : axi_fixed_burst_test    seed : 71566
test_name : axi_fixed_burst_test    seed : 44882
test_name : axi_fixed_burst_test    seed : 51513
test_name : axi_fixed_burst_test    seed : 76255
test_name : axi_fixed_burst_test    seed : 87720
test_name : axi_fixed_burst_test    seed : 88939
test_name : axi_fixed_burst_test    seed : 72957
test_name : axi_fixed_burst_test    seed : 91172
test_name : axi_fixed_burst_test    seed : 115
test_name : axi_fixed_burst_test    seed : 53085
test_name : axi_all_3_burst_test    seed : 28894
test_name : axi_all_3_burst_test    seed : 94351
test_name : axi_all_3_burst_test    seed : 25828
test_name : axi_all_3_burst_test    seed : 83810
test_name : axi_all_3_burst_test    seed : 69198
test_name : axi_all_3_burst_test    seed : 79557
test_name : axi_all_3_burst_test    seed : 2153
test_name : axi_all_3_burst_test    seed : 59230
test_name : axi_all_3_burst_test    seed : 57765
test_name : axi_all_3_burst_test    seed : 64254
test_name : axi_all_3_burst_test    seed : 23804
test_name : axi_all_3_burst_test    seed : 89155
test_name : axi_all_3_burst_test    seed : 49021
test_name : axi_all_3_burst_test    seed : 80548
test_name : axi_all_3_burst_test    seed : 90475
test_name : axi_all_3_burst_test    seed : 85667
test_name : axi_all_3_burst_test    seed : 91513
test_name : axi_all_3_burst_test    seed : 28254
test_name : axi_all_3_burst_test    seed : 90950
test_name : axi_all_3_burst_test    seed : 37689
test_name : axi_all_3_burst_test    seed : 44744
test_name : axi_all_3_burst_test    seed : 80808
test_name : axi_all_3_burst_test    seed : 3901
test_name : axi_all_3_burst_test    seed : 11935
test_name : axi_all_3_burst_test    seed : 4639
test_name : axi_all_3_burst_test    seed : 48157
test_name : axi_all_3_burst_test    seed : 86513
test_name : axi_all_3_burst_test    seed : 15353
test_name : axi_all_3_burst_test    seed : 99583
test_name : axi_all_3_burst_test    seed : 32355
test_name : axi_all_3_burst_test    seed : 33210
test_name : axi_all_3_burst_test    seed : 20528
test_name : axi_all_3_burst_test    seed : 39357
test_name : axi_all_3_burst_test    seed : 38896
test_name : axi_all_3_burst_test    seed : 9360
test_name : axi_all_3_burst_test    seed : 56845
test_name : axi_all_3_burst_test    seed : 90545
test_name : axi_all_3_burst_test    seed : 21248
test_name : axi_all_3_burst_test    seed : 22613
test_name : axi_all_3_burst_test    seed : 64373
test_name : axi_all_3_burst_test    seed : 76133
test_name : axi_all_3_burst_test    seed : 68227
test_name : axi_all_3_burst_test    seed : 69429
test_name : axi_all_3_burst_test    seed : 54015
test_name : axi_all_3_burst_test    seed : 86770
test_name : axi_all_3_burst_test    seed : 88385
test_name : axi_all_3_burst_test    seed : 50762
test_name : axi_all_3_burst_test    seed : 2387
test_name : axi_all_3_burst_test    seed : 74161
test_name : axi_all_3_burst_test    seed : 86183
test_name : axi_reset_test    seed : 61209
test_name : axi_reset_test    seed : 70778
test_name : axi_reset_test    seed : 21619
test_name : axi_reset_test    seed : 59091
test_name : axi_reset_test    seed : 25475
test_name : axi_reset_test    seed : 88643
test_name : axi_reset_test    seed : 46263
test_name : axi_reset_test    seed : 9781
test_name : axi_reset_test    seed : 47497
test_name : axi_reset_test    seed : 98969
test_name : axi_reset_test    seed : 45545
test_name : axi_reset_test    seed : 64093
test_name : axi_reset_test    seed : 97136
test_name : axi_reset_test    seed : 67940
test_name : axi_reset_test    seed : 16739
test_name : axi_reset_test    seed : 3404
test_name : axi_reset_test    seed : 40282
test_name : axi_reset_test    seed : 8388
test_name : axi_reset_test    seed : 31224
test_name : axi_reset_test    seed : 63426
test_name : axi_reset_test    seed : 7172
test_name : axi_reset_test    seed : 26020
test_name : axi_reset_test    seed : 60445
test_name : axi_reset_test    seed : 63376
test_name : axi_reset_test    seed : 34858
test_name : axi_reset_test    seed : 41239
test_name : axi_reset_test    seed : 22388
test_name : axi_reset_test    seed : 17007
test_name : axi_reset_test    seed : 40058
test_name : axi_reset_test    seed : 66171
test_name : axi_reset_test    seed : 36683
test_name : axi_reset_test    seed : 36396
test_name : axi_reset_test    seed : 13117
test_name : axi_reset_test    seed : 76312
test_name : axi_reset_test    seed : 53502
test_name : axi_reset_test    seed : 80804
test_name : axi_reset_test    seed : 39968
test_name : axi_reset_test    seed : 35638
test_name : axi_reset_test    seed : 12445
test_name : axi_reset_test    seed : 75866
test_name : axi_reset_test    seed : 82468
test_name : axi_reset_test    seed : 41428
test_name : axi_reset_test    seed : 18645
test_name : axi_reset_test    seed : 45962
test_name : axi_reset_test    seed : 86505
test_name : axi_reset_test    seed : 5045
test_name : axi_reset_test    seed : 16137
test_name : axi_reset_test    seed : 67533
test_name : axi_reset_test    seed : 57949
test_name : axi_reset_test    seed : 84045
test_name : axi_random_wstrb_test    seed : 34894
test_name : axi_random_wstrb_test    seed : 79709
test_name : axi_random_wstrb_test    seed : 97845
test_name : axi_random_wstrb_test    seed : 11935
test_name : axi_random_wstrb_test    seed : 75136
test_name : axi_random_wstrb_test    seed : 36482
test_name : axi_random_wstrb_test    seed : 26817
test_name : axi_random_wstrb_test    seed : 19395
test_name : axi_random_wstrb_test    seed : 27998
test_name : axi_random_wstrb_test    seed : 71528
test_name : axi_random_wstrb_test    seed : 44218
test_name : axi_random_wstrb_test    seed : 15581
test_name : axi_random_wstrb_test    seed : 68323
test_name : axi_random_wstrb_test    seed : 81173
test_name : axi_random_wstrb_test    seed : 57289
test_name : axi_random_wstrb_test    seed : 63105
test_name : axi_random_wstrb_test    seed : 66283
test_name : axi_random_wstrb_test    seed : 35805
test_name : axi_random_wstrb_test    seed : 9777
test_name : axi_random_wstrb_test    seed : 74366
test_name : axi_random_wstrb_test    seed : 68239
test_name : axi_random_wstrb_test    seed : 67054
test_name : axi_random_wstrb_test    seed : 26077
test_name : axi_random_wstrb_test    seed : 20984
test_name : axi_random_wstrb_test    seed : 82514
test_name : axi_random_wstrb_test    seed : 73056
test_name : axi_random_wstrb_test    seed : 36757
test_name : axi_random_wstrb_test    seed : 49334
test_name : axi_random_wstrb_test    seed : 56551
test_name : axi_random_wstrb_test    seed : 52207
test_name : axi_random_wstrb_test    seed : 42978
test_name : axi_random_wstrb_test    seed : 52520
test_name : axi_random_wstrb_test    seed : 52806
test_name : axi_random_wstrb_test    seed : 45859
test_name : axi_random_wstrb_test    seed : 22210
test_name : axi_random_wstrb_test    seed : 57906
test_name : axi_random_wstrb_test    seed : 71262
test_name : axi_random_wstrb_test    seed : 10552
test_name : axi_random_wstrb_test    seed : 45023
test_name : axi_random_wstrb_test    seed : 46576
test_name : axi_random_wstrb_test    seed : 46720
test_name : axi_random_wstrb_test    seed : 82693
test_name : axi_random_wstrb_test    seed : 14677
test_name : axi_random_wstrb_test    seed : 50301
test_name : axi_random_wstrb_test    seed : 84391
test_name : axi_random_wstrb_test    seed : 64353
test_name : axi_random_wstrb_test    seed : 17545
test_name : axi_random_wstrb_test    seed : 47893
test_name : axi_random_wstrb_test    seed : 23309
test_name : axi_random_wstrb_test    seed : 83212
test_name : axi_random_wr_rd_wstrb16_test    seed : 75830
test_name : axi_random_wr_rd_wstrb16_test    seed : 57858
test_name : axi_random_wr_rd_wstrb16_test    seed : 14840
test_name : axi_random_wr_rd_wstrb16_test    seed : 37039
test_name : axi_random_wr_rd_wstrb16_test    seed : 75027
test_name : axi_random_wr_rd_wstrb16_test    seed : 51231
test_name : axi_random_wr_rd_wstrb16_test    seed : 24160
test_name : axi_random_wr_rd_wstrb16_test    seed : 61786
test_name : axi_random_wr_rd_wstrb16_test    seed : 30408
test_name : axi_random_wr_rd_wstrb16_test    seed : 67251
test_name : axi_random_wr_rd_wstrb16_test    seed : 52729
test_name : axi_random_wr_rd_wstrb16_test    seed : 89832
test_name : axi_random_wr_rd_wstrb16_test    seed : 683
test_name : axi_random_wr_rd_wstrb16_test    seed : 36307
test_name : axi_random_wr_rd_wstrb16_test    seed : 6368
test_name : axi_random_wr_rd_wstrb16_test    seed : 32708
test_name : axi_random_wr_rd_wstrb16_test    seed : 26704
test_name : axi_random_wr_rd_wstrb16_test    seed : 7471
test_name : axi_random_wr_rd_wstrb16_test    seed : 8681
test_name : axi_random_wr_rd_wstrb16_test    seed : 11227
test_name : axi_random_wr_rd_wstrb16_test    seed : 485
test_name : axi_random_wr_rd_wstrb16_test    seed : 51184
test_name : axi_random_wr_rd_wstrb16_test    seed : 65887
test_name : axi_random_wr_rd_wstrb16_test    seed : 10056
test_name : axi_random_wr_rd_wstrb16_test    seed : 69419
test_name : axi_random_wr_rd_wstrb16_test    seed : 97522
test_name : axi_random_wr_rd_wstrb16_test    seed : 4400
test_name : axi_random_wr_rd_wstrb16_test    seed : 87063
test_name : axi_random_wr_rd_wstrb16_test    seed : 74697
test_name : axi_random_wr_rd_wstrb16_test    seed : 64351
test_name : axi_random_wr_rd_wstrb16_test    seed : 24865
test_name : axi_random_wr_rd_wstrb16_test    seed : 67961
test_name : axi_random_wr_rd_wstrb16_test    seed : 66855
test_name : axi_random_wr_rd_wstrb16_test    seed : 91904
test_name : axi_random_wr_rd_wstrb16_test    seed : 89307
test_name : axi_random_wr_rd_wstrb16_test    seed : 90734
test_name : axi_random_wr_rd_wstrb16_test    seed : 47978
test_name : axi_random_wr_rd_wstrb16_test    seed : 96458
test_name : axi_random_wr_rd_wstrb16_test    seed : 95341
test_name : axi_random_wr_rd_wstrb16_test    seed : 82930
test_name : axi_random_wr_rd_wstrb16_test    seed : 55236
test_name : axi_random_wr_rd_wstrb16_test    seed : 78272
test_name : axi_random_wr_rd_wstrb16_test    seed : 2100
test_name : axi_random_wr_rd_wstrb16_test    seed : 98033
test_name : axi_random_wr_rd_wstrb16_test    seed : 27718
test_name : axi_random_wr_rd_wstrb16_test    seed : 11517
test_name : axi_random_wr_rd_wstrb16_test    seed : 86038
test_name : axi_random_wr_rd_wstrb16_test    seed : 58847
test_name : axi_random_wr_rd_wstrb16_test    seed : 24369
test_name : axi_random_wr_rd_wstrb16_test    seed : 27032
test_name : axi_write_test    seed : 95817
test_name : axi_write_test    seed : 49208
test_name : axi_write_test    seed : 79511
test_name : axi_write_test    seed : 94363
test_name : axi_write_test    seed : 89074
test_name : axi_write_test    seed : 17424
test_name : axi_write_test    seed : 70900
test_name : axi_write_test    seed : 66219
test_name : axi_write_test    seed : 10290
test_name : axi_write_test    seed : 51957
test_name : axi_write_test    seed : 18545
test_name : axi_write_test    seed : 66242
test_name : axi_write_test    seed : 68982
test_name : axi_write_test    seed : 22127
test_name : axi_write_test    seed : 48100
test_name : axi_write_test    seed : 56616
test_name : axi_write_test    seed : 6857
test_name : axi_write_test    seed : 43454
test_name : axi_write_test    seed : 16154
test_name : axi_write_test    seed : 93648
test_name : axi_write_test    seed : 77762
test_name : axi_write_test    seed : 91968
test_name : axi_write_test    seed : 64434
test_name : axi_write_test    seed : 71879
test_name : axi_write_test    seed : 76780
test_name : axi_write_test    seed : 6900
test_name : axi_write_test    seed : 11919
test_name : axi_write_test    seed : 26856
test_name : axi_write_test    seed : 36543
test_name : axi_write_test    seed : 53075
test_name : axi_write_test    seed : 7049
test_name : axi_write_test    seed : 46362
test_name : axi_write_test    seed : 96999
test_name : axi_write_test    seed : 68694
test_name : axi_write_test    seed : 3412
test_name : axi_write_test    seed : 64067
test_name : axi_write_test    seed : 56969
test_name : axi_write_test    seed : 70565
test_name : axi_write_test    seed : 30917
test_name : axi_write_test    seed : 39316
test_name : axi_write_test    seed : 34718
test_name : axi_write_test    seed : 85972
test_name : axi_write_test    seed : 58069
test_name : axi_write_test    seed : 74709
test_name : axi_write_test    seed : 23565
test_name : axi_write_test    seed : 1011
test_name : axi_write_test    seed : 59510
test_name : axi_write_test    seed : 78371
test_name : axi_write_test    seed : 95751
test_name : axi_write_test    seed : 71117
test_name : axi_increment_burst_test    seed : 54650
test_name : axi_increment_burst_test    seed : 31124
test_name : axi_increment_burst_test    seed : 22109
test_name : axi_increment_burst_test    seed : 6668
test_name : axi_increment_burst_test    seed : 88707
test_name : axi_increment_burst_test    seed : 87422
test_name : axi_increment_burst_test    seed : 70657
test_name : axi_increment_burst_test    seed : 89756
test_name : axi_increment_burst_test    seed : 15355
test_name : axi_increment_burst_test    seed : 91734
test_name : axi_increment_burst_test    seed : 78429
test_name : axi_increment_burst_test    seed : 76625
test_name : axi_increment_burst_test    seed : 72039
test_name : axi_increment_burst_test    seed : 74502
test_name : axi_increment_burst_test    seed : 57376
test_name : axi_increment_burst_test    seed : 11842
test_name : axi_increment_burst_test    seed : 33913
test_name : axi_increment_burst_test    seed : 50773
test_name : axi_increment_burst_test    seed : 67063
test_name : axi_increment_burst_test    seed : 7179
test_name : axi_increment_burst_test    seed : 92439
test_name : axi_increment_burst_test    seed : 53742
test_name : axi_increment_burst_test    seed : 29437
test_name : axi_increment_burst_test    seed : 91603
test_name : axi_increment_burst_test    seed : 39832
test_name : axi_increment_burst_test    seed : 19715
test_name : axi_increment_burst_test    seed : 59861
test_name : axi_increment_burst_test    seed : 3990
test_name : axi_increment_burst_test    seed : 93350
test_name : axi_increment_burst_test    seed : 2163
test_name : axi_increment_burst_test    seed : 74746
test_name : axi_increment_burst_test    seed : 1455
test_name : axi_increment_burst_test    seed : 64447
test_name : axi_increment_burst_test    seed : 33824
test_name : axi_increment_burst_test    seed : 10901
test_name : axi_increment_burst_test    seed : 81942
test_name : axi_increment_burst_test    seed : 50326
test_name : axi_increment_burst_test    seed : 6865
test_name : axi_increment_burst_test    seed : 51556
test_name : axi_increment_burst_test    seed : 47433
test_name : axi_increment_burst_test    seed : 90575
test_name : axi_increment_burst_test    seed : 83525
test_name : axi_increment_burst_test    seed : 15936
test_name : axi_increment_burst_test    seed : 55145
test_name : axi_increment_burst_test    seed : 13191
test_name : axi_increment_burst_test    seed : 41049
test_name : axi_increment_burst_test    seed : 95416
test_name : axi_increment_burst_test    seed : 49235
test_name : axi_increment_burst_test    seed : 74271
test_name : axi_increment_burst_test    seed : 54831
test_name : axi_wrapped_burst_test    seed : 42169
test_name : axi_wrapped_burst_test    seed : 29141
test_name : axi_wrapped_burst_test    seed : 38385
test_name : axi_wrapped_burst_test    seed : 18380
test_name : axi_wrapped_burst_test    seed : 63749
test_name : axi_wrapped_burst_test    seed : 76688
test_name : axi_wrapped_burst_test    seed : 24578
test_name : axi_wrapped_burst_test    seed : 25609
test_name : axi_wrapped_burst_test    seed : 97250
test_name : axi_wrapped_burst_test    seed : 30141
test_name : axi_wrapped_burst_test    seed : 61292
test_name : axi_wrapped_burst_test    seed : 14330
test_name : axi_wrapped_burst_test    seed : 23133
test_name : axi_wrapped_burst_test    seed : 96243
test_name : axi_wrapped_burst_test    seed : 15123
test_name : axi_wrapped_burst_test    seed : 5227
test_name : axi_wrapped_burst_test    seed : 95180
test_name : axi_wrapped_burst_test    seed : 31972
test_name : axi_wrapped_burst_test    seed : 29134
test_name : axi_wrapped_burst_test    seed : 10436
test_name : axi_wrapped_burst_test    seed : 68479
test_name : axi_wrapped_burst_test    seed : 96071
test_name : axi_wrapped_burst_test    seed : 80065
test_name : axi_wrapped_burst_test    seed : 23955
test_name : axi_wrapped_burst_test    seed : 81204
test_name : axi_wrapped_burst_test    seed : 70451
test_name : axi_wrapped_burst_test    seed : 26470
test_name : axi_wrapped_burst_test    seed : 12829
test_name : axi_wrapped_burst_test    seed : 12978
test_name : axi_wrapped_burst_test    seed : 26372
test_name : axi_wrapped_burst_test    seed : 16088
test_name : axi_wrapped_burst_test    seed : 75460
test_name : axi_wrapped_burst_test    seed : 97778
test_name : axi_wrapped_burst_test    seed : 67003
test_name : axi_wrapped_burst_test    seed : 77358
test_name : axi_wrapped_burst_test    seed : 19903
test_name : axi_wrapped_burst_test    seed : 3032
test_name : axi_wrapped_burst_test    seed : 12716
test_name : axi_wrapped_burst_test    seed : 72040
test_name : axi_wrapped_burst_test    seed : 90847
test_name : axi_wrapped_burst_test    seed : 9359
test_name : axi_wrapped_burst_test    seed : 18618
test_name : axi_wrapped_burst_test    seed : 943
test_name : axi_wrapped_burst_test    seed : 65676
test_name : axi_wrapped_burst_test    seed : 93346
test_name : axi_wrapped_burst_test    seed : 74547
test_name : axi_wrapped_burst_test    seed : 58276
test_name : axi_wrapped_burst_test    seed : 75916
test_name : axi_wrapped_burst_test    seed : 55020
test_name : axi_wrapped_burst_test    seed : 49593
test_name : axi_reserved_burst_test    seed : 30508
test_name : axi_reserved_burst_test    seed : 45157
test_name : axi_reserved_burst_test    seed : 63928
test_name : axi_reserved_burst_test    seed : 8430
test_name : axi_reserved_burst_test    seed : 48902
test_name : axi_reserved_burst_test    seed : 74641
test_name : axi_reserved_burst_test    seed : 64805
test_name : axi_reserved_burst_test    seed : 62044
test_name : axi_reserved_burst_test    seed : 79967
test_name : axi_reserved_burst_test    seed : 35974
test_name : axi_reserved_burst_test    seed : 72964
test_name : axi_reserved_burst_test    seed : 76170
test_name : axi_reserved_burst_test    seed : 81832
test_name : axi_reserved_burst_test    seed : 31375
test_name : axi_reserved_burst_test    seed : 58229
test_name : axi_reserved_burst_test    seed : 66768
test_name : axi_reserved_burst_test    seed : 56329
test_name : axi_reserved_burst_test    seed : 66506
test_name : axi_reserved_burst_test    seed : 17352
test_name : axi_reserved_burst_test    seed : 71644
test_name : axi_reserved_burst_test    seed : 83950
test_name : axi_reserved_burst_test    seed : 11847
test_name : axi_reserved_burst_test    seed : 41513
test_name : axi_reserved_burst_test    seed : 23807
test_name : axi_reserved_burst_test    seed : 71836
test_name : axi_reserved_burst_test    seed : 44988
test_name : axi_reserved_burst_test    seed : 16156
test_name : axi_reserved_burst_test    seed : 26985
test_name : axi_reserved_burst_test    seed : 61645
test_name : axi_reserved_burst_test    seed : 8778
test_name : axi_reserved_burst_test    seed : 33872
test_name : axi_reserved_burst_test    seed : 72950
test_name : axi_reserved_burst_test    seed : 5269
test_name : axi_reserved_burst_test    seed : 56268
test_name : axi_reserved_burst_test    seed : 41300
test_name : axi_reserved_burst_test    seed : 58717
test_name : axi_reserved_burst_test    seed : 616
test_name : axi_reserved_burst_test    seed : 1768
test_name : axi_reserved_burst_test    seed : 82604
test_name : axi_reserved_burst_test    seed : 88393
test_name : axi_reserved_burst_test    seed : 98360
test_name : axi_reserved_burst_test    seed : 53371
test_name : axi_reserved_burst_test    seed : 94551
test_name : axi_reserved_burst_test    seed : 47483
test_name : axi_reserved_burst_test    seed : 13060
test_name : axi_reserved_burst_test    seed : 63066
test_name : axi_reserved_burst_test    seed : 71719
test_name : axi_reserved_burst_test    seed : 48921
test_name : axi_reserved_burst_test    seed : 50279
test_name : axi_reserved_burst_test    seed : 19521
test_name : axi_handshake_test    seed : 70151
test_name : axi_handshake_test    seed : 91231
test_name : axi_handshake_test    seed : 55245
test_name : axi_handshake_test    seed : 980
test_name : axi_handshake_test    seed : 89509
test_name : axi_handshake_test    seed : 75239
test_name : axi_handshake_test    seed : 90866
test_name : axi_handshake_test    seed : 52940
test_name : axi_handshake_test    seed : 48441
test_name : axi_handshake_test    seed : 70999
test_name : axi_handshake_test    seed : 13932
test_name : axi_handshake_test    seed : 10852
test_name : axi_handshake_test    seed : 96731
test_name : axi_handshake_test    seed : 49417
test_name : axi_handshake_test    seed : 71549
test_name : axi_handshake_test    seed : 31540
test_name : axi_handshake_test    seed : 37365
test_name : axi_handshake_test    seed : 20925
test_name : axi_handshake_test    seed : 26252
test_name : axi_handshake_test    seed : 59900
test_name : axi_handshake_test    seed : 28950
test_name : axi_handshake_test    seed : 97979
test_name : axi_handshake_test    seed : 11830
test_name : axi_handshake_test    seed : 47522
test_name : axi_handshake_test    seed : 15996
test_name : axi_handshake_test    seed : 99636
test_name : axi_handshake_test    seed : 54347
test_name : axi_handshake_test    seed : 66708
test_name : axi_handshake_test    seed : 74134
test_name : axi_handshake_test    seed : 89738
test_name : axi_handshake_test    seed : 78789
test_name : axi_handshake_test    seed : 62931
test_name : axi_handshake_test    seed : 37010
test_name : axi_handshake_test    seed : 18892
test_name : axi_handshake_test    seed : 83488
test_name : axi_handshake_test    seed : 48716
test_name : axi_handshake_test    seed : 89719
test_name : axi_handshake_test    seed : 72271
test_name : axi_handshake_test    seed : 57189
test_name : axi_handshake_test    seed : 26387
test_name : axi_handshake_test    seed : 13530
test_name : axi_handshake_test    seed : 97153
test_name : axi_handshake_test    seed : 50334
test_name : axi_handshake_test    seed : 1809
test_name : axi_handshake_test    seed : 62134
test_name : axi_handshake_test    seed : 46779
test_name : axi_handshake_test    seed : 88609
test_name : axi_handshake_test    seed : 8485
test_name : axi_handshake_test    seed : 49820
test_name : axi_handshake_test    seed : 70698
test_name : axi_random_wr_rd_test    seed : 36637
test_name : axi_random_wr_rd_test    seed : 44945
test_name : axi_random_wr_rd_test    seed : 66189
test_name : axi_random_wr_rd_test    seed : 60114
test_name : axi_random_wr_rd_test    seed : 19435
test_name : axi_random_wr_rd_test    seed : 58776
test_name : axi_random_wr_rd_test    seed : 75026
test_name : axi_random_wr_rd_test    seed : 12974
test_name : axi_random_wr_rd_test    seed : 82912
test_name : axi_random_wr_rd_test    seed : 9720
test_name : axi_random_wr_rd_test    seed : 51715
test_name : axi_random_wr_rd_test    seed : 74847
test_name : axi_random_wr_rd_test    seed : 99588
test_name : axi_random_wr_rd_test    seed : 60766
test_name : axi_random_wr_rd_test    seed : 4492
test_name : axi_random_wr_rd_test    seed : 84059
test_name : axi_random_wr_rd_test    seed : 86481
test_name : axi_random_wr_rd_test    seed : 79891
test_name : axi_random_wr_rd_test    seed : 70521
test_name : axi_random_wr_rd_test    seed : 63531
test_name : axi_random_wr_rd_test    seed : 16561
test_name : axi_random_wr_rd_test    seed : 63049
test_name : axi_random_wr_rd_test    seed : 84130
test_name : axi_random_wr_rd_test    seed : 56436
test_name : axi_random_wr_rd_test    seed : 48771
test_name : axi_random_wr_rd_test    seed : 89081
test_name : axi_random_wr_rd_test    seed : 57988
test_name : axi_random_wr_rd_test    seed : 61684
test_name : axi_random_wr_rd_test    seed : 32613
test_name : axi_random_wr_rd_test    seed : 94446
test_name : axi_random_wr_rd_test    seed : 69919
test_name : axi_random_wr_rd_test    seed : 40702
test_name : axi_random_wr_rd_test    seed : 27849
test_name : axi_random_wr_rd_test    seed : 66247
test_name : axi_random_wr_rd_test    seed : 514
test_name : axi_random_wr_rd_test    seed : 5517
test_name : axi_random_wr_rd_test    seed : 16927
test_name : axi_random_wr_rd_test    seed : 28963
test_name : axi_random_wr_rd_test    seed : 56800
test_name : axi_random_wr_rd_test    seed : 65432
test_name : axi_random_wr_rd_test    seed : 33952
test_name : axi_random_wr_rd_test    seed : 77957
test_name : axi_random_wr_rd_test    seed : 52540
test_name : axi_random_wr_rd_test    seed : 75064
test_name : axi_random_wr_rd_test    seed : 29050
test_name : axi_random_wr_rd_test    seed : 52399
test_name : axi_random_wr_rd_test    seed : 99066
test_name : axi_random_wr_rd_test    seed : 49071
test_name : axi_random_wr_rd_test    seed : 78090
test_name : axi_random_wr_rd_test    seed : 54134
test_name : axi_multiple_outstanding_address_test    seed : 15058
test_name : axi_multiple_outstanding_address_test    seed : 61134
test_name : axi_multiple_outstanding_address_test    seed : 15144
test_name : axi_multiple_outstanding_address_test    seed : 96592
test_name : axi_multiple_outstanding_address_test    seed : 57831
test_name : axi_multiple_outstanding_address_test    seed : 38588
test_name : axi_multiple_outstanding_address_test    seed : 46820
test_name : axi_multiple_outstanding_address_test    seed : 99625
test_name : axi_multiple_outstanding_address_test    seed : 51223
test_name : axi_multiple_outstanding_address_test    seed : 75362
test_name : axi_multiple_outstanding_address_test    seed : 24352
test_name : axi_multiple_outstanding_address_test    seed : 49587
test_name : axi_multiple_outstanding_address_test    seed : 70190
test_name : axi_multiple_outstanding_address_test    seed : 79512
test_name : axi_multiple_outstanding_address_test    seed : 29889
test_name : axi_multiple_outstanding_address_test    seed : 87825
test_name : axi_multiple_outstanding_address_test    seed : 94135
test_name : axi_multiple_outstanding_address_test    seed : 26659
test_name : axi_multiple_outstanding_address_test    seed : 39033
test_name : axi_multiple_outstanding_address_test    seed : 20418
test_name : axi_multiple_outstanding_address_test    seed : 59451
test_name : axi_multiple_outstanding_address_test    seed : 25108
test_name : axi_multiple_outstanding_address_test    seed : 71679
test_name : axi_multiple_outstanding_address_test    seed : 4548
test_name : axi_multiple_outstanding_address_test    seed : 96853
test_name : axi_multiple_outstanding_address_test    seed : 94492
test_name : axi_multiple_outstanding_address_test    seed : 39646
test_name : axi_multiple_outstanding_address_test    seed : 35725
test_name : axi_multiple_outstanding_address_test    seed : 96106
test_name : axi_multiple_outstanding_address_test    seed : 88564
test_name : axi_multiple_outstanding_address_test    seed : 52264
test_name : axi_multiple_outstanding_address_test    seed : 60421
test_name : axi_multiple_outstanding_address_test    seed : 85328
test_name : axi_multiple_outstanding_address_test    seed : 39655
test_name : axi_multiple_outstanding_address_test    seed : 92755
test_name : axi_multiple_outstanding_address_test    seed : 72091
test_name : axi_multiple_outstanding_address_test    seed : 75186
test_name : axi_multiple_outstanding_address_test    seed : 91438
test_name : axi_multiple_outstanding_address_test    seed : 29354
test_name : axi_multiple_outstanding_address_test    seed : 18327
test_name : axi_multiple_outstanding_address_test    seed : 1269
test_name : axi_multiple_outstanding_address_test    seed : 6598
test_name : axi_multiple_outstanding_address_test    seed : 58921
test_name : axi_multiple_outstanding_address_test    seed : 82771
test_name : axi_multiple_outstanding_address_test    seed : 97214
test_name : axi_multiple_outstanding_address_test    seed : 64022
test_name : axi_multiple_outstanding_address_test    seed : 88557
test_name : axi_multiple_outstanding_address_test    seed : 88754
test_name : axi_multiple_outstanding_address_test    seed : 63784
test_name : axi_multiple_outstanding_address_test    seed : 87874
test_name : axi_read_test    seed : 66181
test_name : axi_read_test    seed : 60390
test_name : axi_read_test    seed : 27209
test_name : axi_read_test    seed : 8870
test_name : axi_read_test    seed : 56058
test_name : axi_read_test    seed : 30370
test_name : axi_read_test    seed : 36198
test_name : axi_read_test    seed : 40885
test_name : axi_read_test    seed : 84349
test_name : axi_read_test    seed : 88232
test_name : axi_read_test    seed : 58967
test_name : axi_read_test    seed : 47388
test_name : axi_read_test    seed : 25266
test_name : axi_read_test    seed : 55774
test_name : axi_read_test    seed : 57595
test_name : axi_read_test    seed : 69874
test_name : axi_read_test    seed : 65574
test_name : axi_read_test    seed : 71888
test_name : axi_read_test    seed : 30369
test_name : axi_read_test    seed : 31259
test_name : axi_read_test    seed : 36885
test_name : axi_read_test    seed : 83057
test_name : axi_read_test    seed : 87377
test_name : axi_read_test    seed : 11990
test_name : axi_read_test    seed : 87355
test_name : axi_read_test    seed : 10323
test_name : axi_read_test    seed : 19503
test_name : axi_read_test    seed : 15365
test_name : axi_read_test    seed : 30531
test_name : axi_read_test    seed : 92685
test_name : axi_read_test    seed : 15540
test_name : axi_read_test    seed : 95237
test_name : axi_read_test    seed : 45683
test_name : axi_read_test    seed : 60846
test_name : axi_read_test    seed : 1100
test_name : axi_read_test    seed : 56958
test_name : axi_read_test    seed : 55248
test_name : axi_read_test    seed : 46170
test_name : axi_read_test    seed : 11403
test_name : axi_read_test    seed : 68277
test_name : axi_read_test    seed : 97992
test_name : axi_read_test    seed : 75969
test_name : axi_read_test    seed : 58141
test_name : axi_read_test    seed : 27034
test_name : axi_read_test    seed : 86105
test_name : axi_read_test    seed : 98104
test_name : axi_read_test    seed : 19139
test_name : axi_read_test    seed : 37287
test_name : axi_read_test    seed : 48299
test_name : axi_read_test    seed : 41842
test_name : axi_concurrent_test    seed : 24419
test_name : axi_concurrent_test    seed : 94139
test_name : axi_concurrent_test    seed : 44599
test_name : axi_concurrent_test    seed : 86345
test_name : axi_concurrent_test    seed : 59745
test_name : axi_concurrent_test    seed : 83453
test_name : axi_concurrent_test    seed : 208
test_name : axi_concurrent_test    seed : 27695
test_name : axi_concurrent_test    seed : 80435
test_name : axi_concurrent_test    seed : 68346
test_name : axi_concurrent_test    seed : 61649
test_name : axi_concurrent_test    seed : 16501
test_name : axi_concurrent_test    seed : 65991
test_name : axi_concurrent_test    seed : 76200
test_name : axi_concurrent_test    seed : 77373
test_name : axi_concurrent_test    seed : 63664
test_name : axi_concurrent_test    seed : 37219
test_name : axi_concurrent_test    seed : 73622
test_name : axi_concurrent_test    seed : 53747
test_name : axi_concurrent_test    seed : 66318
test_name : axi_concurrent_test    seed : 59378
test_name : axi_concurrent_test    seed : 41880
test_name : axi_concurrent_test    seed : 25579
test_name : axi_concurrent_test    seed : 394
test_name : axi_concurrent_test    seed : 20495
test_name : axi_concurrent_test    seed : 50580
test_name : axi_concurrent_test    seed : 5164
test_name : axi_concurrent_test    seed : 23189
test_name : axi_concurrent_test    seed : 76322
test_name : axi_concurrent_test    seed : 95379
test_name : axi_concurrent_test    seed : 65762
test_name : axi_concurrent_test    seed : 67966
test_name : axi_concurrent_test    seed : 11049
test_name : axi_concurrent_test    seed : 78365
test_name : axi_concurrent_test    seed : 62113
test_name : axi_concurrent_test    seed : 33720
test_name : axi_concurrent_test    seed : 64495
test_name : axi_concurrent_test    seed : 93002
test_name : axi_concurrent_test    seed : 63093
test_name : axi_concurrent_test    seed : 44007
test_name : axi_concurrent_test    seed : 6282
test_name : axi_concurrent_test    seed : 44399
test_name : axi_concurrent_test    seed : 48394
test_name : axi_concurrent_test    seed : 88125
test_name : axi_concurrent_test    seed : 99718
test_name : axi_concurrent_test    seed : 19007
test_name : axi_concurrent_test    seed : 13690
test_name : axi_concurrent_test    seed : 61219
test_name : axi_concurrent_test    seed : 42591
test_name : axi_concurrent_test    seed : 83755
REGRESSION RESULTS
==================

PASSED TESTS: 0

----------------
FAILED TESTS: 750
test_name : axi_reserved_burst_test    seed : 64478
test_name : axi_reserved_burst_test    seed : 53385
test_name : axi_reserved_burst_test    seed : 88688
test_name : axi_reserved_burst_test    seed : 15072
test_name : axi_reserved_burst_test    seed : 32154
test_name : axi_reserved_burst_test    seed : 31804
test_name : axi_reserved_burst_test    seed : 24051
test_name : axi_reserved_burst_test    seed : 14958
test_name : axi_reserved_burst_test    seed : 32751
test_name : axi_reserved_burst_test    seed : 95040
test_name : axi_reserved_burst_test    seed : 92026
test_name : axi_reserved_burst_test    seed : 42004
test_name : axi_reserved_burst_test    seed : 71358
test_name : axi_reserved_burst_test    seed : 844
test_name : axi_reserved_burst_test    seed : 34680
test_name : axi_reserved_burst_test    seed : 34224
test_name : axi_reserved_burst_test    seed : 9908
test_name : axi_reserved_burst_test    seed : 89900
test_name : axi_reserved_burst_test    seed : 75942
test_name : axi_reserved_burst_test    seed : 87926
test_name : axi_reserved_burst_test    seed : 23225
test_name : axi_reserved_burst_test    seed : 73936
test_name : axi_reserved_burst_test    seed : 79271
test_name : axi_reserved_burst_test    seed : 4794
test_name : axi_reserved_burst_test    seed : 52303
test_name : axi_reserved_burst_test    seed : 52275
test_name : axi_reserved_burst_test    seed : 57165
test_name : axi_reserved_burst_test    seed : 8475
test_name : axi_reserved_burst_test    seed : 97146
test_name : axi_reserved_burst_test    seed : 30659
test_name : axi_reserved_burst_test    seed : 63754
test_name : axi_reserved_burst_test    seed : 62685
test_name : axi_reserved_burst_test    seed : 70555
test_name : axi_reserved_burst_test    seed : 90636
test_name : axi_reserved_burst_test    seed : 55528
test_name : axi_reserved_burst_test    seed : 10525
test_name : axi_reserved_burst_test    seed : 55531
test_name : axi_reserved_burst_test    seed : 50541
test_name : axi_reserved_burst_test    seed : 39992
test_name : axi_reserved_burst_test    seed : 56274
test_name : axi_reserved_burst_test    seed : 1746
test_name : axi_reserved_burst_test    seed : 24195
test_name : axi_reserved_burst_test    seed : 84018
test_name : axi_reserved_burst_test    seed : 46755
test_name : axi_reserved_burst_test    seed : 35653
test_name : axi_reserved_burst_test    seed : 13905
test_name : axi_reserved_burst_test    seed : 17274
test_name : axi_reserved_burst_test    seed : 1491
test_name : axi_reserved_burst_test    seed : 89145
test_name : axi_reserved_burst_test    seed : 27334
test_name : axi_fixed_burst_test    seed : 18278
test_name : axi_fixed_burst_test    seed : 37743
test_name : axi_fixed_burst_test    seed : 13714
test_name : axi_fixed_burst_test    seed : 29496
test_name : axi_fixed_burst_test    seed : 96266
test_name : axi_fixed_burst_test    seed : 38325
test_name : axi_fixed_burst_test    seed : 1275
test_name : axi_fixed_burst_test    seed : 91781
test_name : axi_fixed_burst_test    seed : 98873
test_name : axi_fixed_burst_test    seed : 93410
test_name : axi_fixed_burst_test    seed : 85370
test_name : axi_fixed_burst_test    seed : 78848
test_name : axi_fixed_burst_test    seed : 59044
test_name : axi_fixed_burst_test    seed : 90632
test_name : axi_fixed_burst_test    seed : 23387
test_name : axi_fixed_burst_test    seed : 84807
test_name : axi_fixed_burst_test    seed : 2928
test_name : axi_fixed_burst_test    seed : 35490
test_name : axi_fixed_burst_test    seed : 33531
test_name : axi_fixed_burst_test    seed : 44780
test_name : axi_fixed_burst_test    seed : 39967
test_name : axi_fixed_burst_test    seed : 12572
test_name : axi_fixed_burst_test    seed : 71307
test_name : axi_fixed_burst_test    seed : 73237
test_name : axi_fixed_burst_test    seed : 45686
test_name : axi_fixed_burst_test    seed : 80543
test_name : axi_fixed_burst_test    seed : 16445
test_name : axi_fixed_burst_test    seed : 21954
test_name : axi_fixed_burst_test    seed : 83868
test_name : axi_fixed_burst_test    seed : 64477
test_name : axi_fixed_burst_test    seed : 10150
test_name : axi_fixed_burst_test    seed : 77650
test_name : axi_fixed_burst_test    seed : 37063
test_name : axi_fixed_burst_test    seed : 29115
test_name : axi_fixed_burst_test    seed : 36947
test_name : axi_fixed_burst_test    seed : 91167
test_name : axi_fixed_burst_test    seed : 70408
test_name : axi_fixed_burst_test    seed : 98545
test_name : axi_fixed_burst_test    seed : 8519
test_name : axi_fixed_burst_test    seed : 18966
test_name : axi_fixed_burst_test    seed : 23476
test_name : axi_fixed_burst_test    seed : 20777
test_name : axi_fixed_burst_test    seed : 47160
test_name : axi_fixed_burst_test    seed : 75809
test_name : axi_fixed_burst_test    seed : 46438
test_name : axi_fixed_burst_test    seed : 50486
test_name : axi_fixed_burst_test    seed : 22598
test_name : axi_fixed_burst_test    seed : 20432
test_name : axi_fixed_burst_test    seed : 90992
test_name : axi_fixed_burst_test    seed : 57085
test_name : axi_random_wr_rd_test    seed : 2060
test_name : axi_random_wr_rd_test    seed : 88904
test_name : axi_random_wr_rd_test    seed : 61812
test_name : axi_random_wr_rd_test    seed : 27084
test_name : axi_random_wr_rd_test    seed : 83936
test_name : axi_random_wr_rd_test    seed : 32070
test_name : axi_random_wr_rd_test    seed : 92315
test_name : axi_random_wr_rd_test    seed : 64888
test_name : axi_random_wr_rd_test    seed : 99993
test_name : axi_random_wr_rd_test    seed : 22207
test_name : axi_random_wr_rd_test    seed : 48342
test_name : axi_random_wr_rd_test    seed : 51622
test_name : axi_random_wr_rd_test    seed : 59723
test_name : axi_random_wr_rd_test    seed : 51747
test_name : axi_random_wr_rd_test    seed : 87121
test_name : axi_random_wr_rd_test    seed : 70966
test_name : axi_random_wr_rd_test    seed : 38586
test_name : axi_random_wr_rd_test    seed : 24995
test_name : axi_random_wr_rd_test    seed : 16447
test_name : axi_random_wr_rd_test    seed : 79201
test_name : axi_random_wr_rd_test    seed : 65029
test_name : axi_random_wr_rd_test    seed : 27300
test_name : axi_random_wr_rd_test    seed : 52983
test_name : axi_random_wr_rd_test    seed : 85632
test_name : axi_random_wr_rd_test    seed : 70443
test_name : axi_random_wr_rd_test    seed : 69554
test_name : axi_random_wr_rd_test    seed : 69538
test_name : axi_random_wr_rd_test    seed : 22226
test_name : axi_random_wr_rd_test    seed : 32733
test_name : axi_random_wr_rd_test    seed : 37522
test_name : axi_random_wr_rd_test    seed : 32398
test_name : axi_random_wr_rd_test    seed : 47713
test_name : axi_random_wr_rd_test    seed : 64587
test_name : axi_random_wr_rd_test    seed : 2755
test_name : axi_random_wr_rd_test    seed : 52278
test_name : axi_random_wr_rd_test    seed : 32657
test_name : axi_random_wr_rd_test    seed : 88758
test_name : axi_random_wr_rd_test    seed : 66319
test_name : axi_random_wr_rd_test    seed : 30351
test_name : axi_random_wr_rd_test    seed : 66252
test_name : axi_random_wr_rd_test    seed : 66843
test_name : axi_random_wr_rd_test    seed : 38722
test_name : axi_random_wr_rd_test    seed : 55631
test_name : axi_random_wr_rd_test    seed : 72116
test_name : axi_random_wr_rd_test    seed : 37758
test_name : axi_random_wr_rd_test    seed : 3969
test_name : axi_random_wr_rd_test    seed : 66423
test_name : axi_random_wr_rd_test    seed : 5281
test_name : axi_random_wr_rd_test    seed : 5157
test_name : axi_random_wr_rd_test    seed : 56253
test_name : axi_random_wr_rd_wstrb16_test    seed : 98936
test_name : axi_random_wr_rd_wstrb16_test    seed : 63526
test_name : axi_random_wr_rd_wstrb16_test    seed : 37545
test_name : axi_random_wr_rd_wstrb16_test    seed : 32189
test_name : axi_random_wr_rd_wstrb16_test    seed : 15602
test_name : axi_random_wr_rd_wstrb16_test    seed : 97204
test_name : axi_random_wr_rd_wstrb16_test    seed : 4341
test_name : axi_random_wr_rd_wstrb16_test    seed : 26496
test_name : axi_random_wr_rd_wstrb16_test    seed : 97256
test_name : axi_random_wr_rd_wstrb16_test    seed : 58685
test_name : axi_random_wr_rd_wstrb16_test    seed : 29311
test_name : axi_random_wr_rd_wstrb16_test    seed : 75568
test_name : axi_random_wr_rd_wstrb16_test    seed : 42782
test_name : axi_random_wr_rd_wstrb16_test    seed : 37587
test_name : axi_random_wr_rd_wstrb16_test    seed : 58765
test_name : axi_random_wr_rd_wstrb16_test    seed : 11301
test_name : axi_random_wr_rd_wstrb16_test    seed : 858
test_name : axi_random_wr_rd_wstrb16_test    seed : 75021
test_name : axi_random_wr_rd_wstrb16_test    seed : 95095
test_name : axi_random_wr_rd_wstrb16_test    seed : 30955
test_name : axi_random_wr_rd_wstrb16_test    seed : 47333
test_name : axi_random_wr_rd_wstrb16_test    seed : 9598
test_name : axi_random_wr_rd_wstrb16_test    seed : 61281
test_name : axi_random_wr_rd_wstrb16_test    seed : 40760
test_name : axi_random_wr_rd_wstrb16_test    seed : 62919
test_name : axi_random_wr_rd_wstrb16_test    seed : 51761
test_name : axi_random_wr_rd_wstrb16_test    seed : 33967
test_name : axi_random_wr_rd_wstrb16_test    seed : 18486
test_name : axi_random_wr_rd_wstrb16_test    seed : 86199
test_name : axi_random_wr_rd_wstrb16_test    seed : 9820
test_name : axi_random_wr_rd_wstrb16_test    seed : 1955
test_name : axi_random_wr_rd_wstrb16_test    seed : 99618
test_name : axi_random_wr_rd_wstrb16_test    seed : 51409
test_name : axi_random_wr_rd_wstrb16_test    seed : 50823
test_name : axi_random_wr_rd_wstrb16_test    seed : 84044
test_name : axi_random_wr_rd_wstrb16_test    seed : 33235
test_name : axi_random_wr_rd_wstrb16_test    seed : 36644
test_name : axi_random_wr_rd_wstrb16_test    seed : 98891
test_name : axi_random_wr_rd_wstrb16_test    seed : 31154
test_name : axi_random_wr_rd_wstrb16_test    seed : 26558
test_name : axi_random_wr_rd_wstrb16_test    seed : 71612
test_name : axi_random_wr_rd_wstrb16_test    seed : 80985
test_name : axi_random_wr_rd_wstrb16_test    seed : 68716
test_name : axi_random_wr_rd_wstrb16_test    seed : 14801
test_name : axi_random_wr_rd_wstrb16_test    seed : 93075
test_name : axi_random_wr_rd_wstrb16_test    seed : 80134
test_name : axi_random_wr_rd_wstrb16_test    seed : 28119
test_name : axi_random_wr_rd_wstrb16_test    seed : 57821
test_name : axi_random_wr_rd_wstrb16_test    seed : 6821
test_name : axi_random_wr_rd_wstrb16_test    seed : 55206
test_name : axi_wrapped_burst_test    seed : 12376
test_name : axi_wrapped_burst_test    seed : 93688
test_name : axi_wrapped_burst_test    seed : 66278
test_name : axi_wrapped_burst_test    seed : 17326
test_name : axi_wrapped_burst_test    seed : 28357
test_name : axi_wrapped_burst_test    seed : 27164
test_name : axi_wrapped_burst_test    seed : 16531
test_name : axi_wrapped_burst_test    seed : 486
test_name : axi_wrapped_burst_test    seed : 53431
test_name : axi_wrapped_burst_test    seed : 17941
test_name : axi_wrapped_burst_test    seed : 67995
test_name : axi_wrapped_burst_test    seed : 38721
test_name : axi_wrapped_burst_test    seed : 41025
test_name : axi_wrapped_burst_test    seed : 67869
test_name : axi_wrapped_burst_test    seed : 53772
test_name : axi_wrapped_burst_test    seed : 27200
test_name : axi_wrapped_burst_test    seed : 80560
test_name : axi_wrapped_burst_test    seed : 11264
test_name : axi_wrapped_burst_test    seed : 18888
test_name : axi_wrapped_burst_test    seed : 38650
test_name : axi_wrapped_burst_test    seed : 30927
test_name : axi_wrapped_burst_test    seed : 49318
test_name : axi_wrapped_burst_test    seed : 76231
test_name : axi_wrapped_burst_test    seed : 30613
test_name : axi_wrapped_burst_test    seed : 31915
test_name : axi_wrapped_burst_test    seed : 64719
test_name : axi_wrapped_burst_test    seed : 13786
test_name : axi_wrapped_burst_test    seed : 80295
test_name : axi_wrapped_burst_test    seed : 48826
test_name : axi_wrapped_burst_test    seed : 20613
test_name : axi_wrapped_burst_test    seed : 29444
test_name : axi_wrapped_burst_test    seed : 41084
test_name : axi_wrapped_burst_test    seed : 26373
test_name : axi_wrapped_burst_test    seed : 18122
test_name : axi_wrapped_burst_test    seed : 14522
test_name : axi_wrapped_burst_test    seed : 23614
test_name : axi_wrapped_burst_test    seed : 68491
test_name : axi_wrapped_burst_test    seed : 26751
test_name : axi_wrapped_burst_test    seed : 74535
test_name : axi_wrapped_burst_test    seed : 61488
test_name : axi_wrapped_burst_test    seed : 40980
test_name : axi_wrapped_burst_test    seed : 44357
test_name : axi_wrapped_burst_test    seed : 17691
test_name : axi_wrapped_burst_test    seed : 50993
test_name : axi_wrapped_burst_test    seed : 29231
test_name : axi_wrapped_burst_test    seed : 9093
test_name : axi_wrapped_burst_test    seed : 17879
test_name : axi_wrapped_burst_test    seed : 30439
test_name : axi_wrapped_burst_test    seed : 9339
test_name : axi_wrapped_burst_test    seed : 10110
test_name : axi_read_test    seed : 62391
test_name : axi_read_test    seed : 39779
test_name : axi_read_test    seed : 88596
test_name : axi_read_test    seed : 1155
test_name : axi_read_test    seed : 75542
test_name : axi_read_test    seed : 28145
test_name : axi_read_test    seed : 91999
test_name : axi_read_test    seed : 49886
test_name : axi_read_test    seed : 1250
test_name : axi_read_test    seed : 35713
test_name : axi_read_test    seed : 61562
test_name : axi_read_test    seed : 83207
test_name : axi_read_test    seed : 71456
test_name : axi_read_test    seed : 98068
test_name : axi_read_test    seed : 61767
test_name : axi_read_test    seed : 56683
test_name : axi_read_test    seed : 57008
test_name : axi_read_test    seed : 14138
test_name : axi_read_test    seed : 59659
test_name : axi_read_test    seed : 64723
test_name : axi_read_test    seed : 25040
test_name : axi_read_test    seed : 92028
test_name : axi_read_test    seed : 54404
test_name : axi_read_test    seed : 62320
test_name : axi_read_test    seed : 26464
test_name : axi_read_test    seed : 76904
test_name : axi_read_test    seed : 46388
test_name : axi_read_test    seed : 22415
test_name : axi_read_test    seed : 31332
test_name : axi_read_test    seed : 59009
test_name : axi_read_test    seed : 58312
test_name : axi_read_test    seed : 53177
test_name : axi_read_test    seed : 73763
test_name : axi_read_test    seed : 22079
test_name : axi_read_test    seed : 93708
test_name : axi_read_test    seed : 33417
test_name : axi_read_test    seed : 74679
test_name : axi_read_test    seed : 88603
test_name : axi_read_test    seed : 55560
test_name : axi_read_test    seed : 42987
test_name : axi_read_test    seed : 75812
test_name : axi_read_test    seed : 40819
test_name : axi_read_test    seed : 58435
test_name : axi_read_test    seed : 8100
test_name : axi_read_test    seed : 45670
test_name : axi_read_test    seed : 88940
test_name : axi_read_test    seed : 81037
test_name : axi_read_test    seed : 3301
test_name : axi_read_test    seed : 44033
test_name : axi_read_test    seed : 41189
test_name : axi_write_test    seed : 97148
test_name : axi_write_test    seed : 45090
test_name : axi_write_test    seed : 50202
test_name : axi_write_test    seed : 25858
test_name : axi_write_test    seed : 36490
test_name : axi_write_test    seed : 34414
test_name : axi_write_test    seed : 48711
test_name : axi_write_test    seed : 72256
test_name : axi_write_test    seed : 3489
test_name : axi_write_test    seed : 2237
test_name : axi_write_test    seed : 9466
test_name : axi_write_test    seed : 75217
test_name : axi_write_test    seed : 81905
test_name : axi_write_test    seed : 44756
test_name : axi_write_test    seed : 14882
test_name : axi_write_test    seed : 23426
test_name : axi_write_test    seed : 82722
test_name : axi_write_test    seed : 1607
test_name : axi_write_test    seed : 50091
test_name : axi_write_test    seed : 43453
test_name : axi_write_test    seed : 27888
test_name : axi_write_test    seed : 95154
test_name : axi_write_test    seed : 41984
test_name : axi_write_test    seed : 3794
test_name : axi_write_test    seed : 74987
test_name : axi_write_test    seed : 64006
test_name : axi_write_test    seed : 74836
test_name : axi_write_test    seed : 92825
test_name : axi_write_test    seed : 69681
test_name : axi_write_test    seed : 55868
test_name : axi_write_test    seed : 23447
test_name : axi_write_test    seed : 64179
test_name : axi_write_test    seed : 902
test_name : axi_write_test    seed : 99113
test_name : axi_write_test    seed : 85932
test_name : axi_write_test    seed : 67288
test_name : axi_write_test    seed : 35883
test_name : axi_write_test    seed : 18937
test_name : axi_write_test    seed : 6926
test_name : axi_write_test    seed : 10547
test_name : axi_write_test    seed : 30994
test_name : axi_write_test    seed : 60994
test_name : axi_write_test    seed : 5550
test_name : axi_write_test    seed : 52503
test_name : axi_write_test    seed : 73170
test_name : axi_write_test    seed : 6115
test_name : axi_write_test    seed : 41075
test_name : axi_write_test    seed : 71713
test_name : axi_write_test    seed : 73889
test_name : axi_write_test    seed : 15577
test_name : axi_increment_burst_test    seed : 848
test_name : axi_increment_burst_test    seed : 19248
test_name : axi_increment_burst_test    seed : 52002
test_name : axi_increment_burst_test    seed : 13559
test_name : axi_increment_burst_test    seed : 539
test_name : axi_increment_burst_test    seed : 26439
test_name : axi_increment_burst_test    seed : 37284
test_name : axi_increment_burst_test    seed : 56620
test_name : axi_increment_burst_test    seed : 74684
test_name : axi_increment_burst_test    seed : 93305
test_name : axi_increment_burst_test    seed : 57766
test_name : axi_increment_burst_test    seed : 38457
test_name : axi_increment_burst_test    seed : 67301
test_name : axi_increment_burst_test    seed : 65537
test_name : axi_increment_burst_test    seed : 40437
test_name : axi_increment_burst_test    seed : 49759
test_name : axi_increment_burst_test    seed : 27306
test_name : axi_increment_burst_test    seed : 66903
test_name : axi_increment_burst_test    seed : 26783
test_name : axi_increment_burst_test    seed : 39869
test_name : axi_increment_burst_test    seed : 73520
test_name : axi_increment_burst_test    seed : 63034
test_name : axi_increment_burst_test    seed : 47209
test_name : axi_increment_burst_test    seed : 80429
test_name : axi_increment_burst_test    seed : 29182
test_name : axi_increment_burst_test    seed : 16873
test_name : axi_increment_burst_test    seed : 97252
test_name : axi_increment_burst_test    seed : 96347
test_name : axi_increment_burst_test    seed : 78737
test_name : axi_increment_burst_test    seed : 57195
test_name : axi_increment_burst_test    seed : 44705
test_name : axi_increment_burst_test    seed : 30744
test_name : axi_increment_burst_test    seed : 70653
test_name : axi_increment_burst_test    seed : 22911
test_name : axi_increment_burst_test    seed : 71505
test_name : axi_increment_burst_test    seed : 36270
test_name : axi_increment_burst_test    seed : 62567
test_name : axi_increment_burst_test    seed : 96921
test_name : axi_increment_burst_test    seed : 14079
test_name : axi_increment_burst_test    seed : 12897
test_name : axi_increment_burst_test    seed : 70177
test_name : axi_increment_burst_test    seed : 85672
test_name : axi_increment_burst_test    seed : 27806
test_name : axi_increment_burst_test    seed : 33311
test_name : axi_increment_burst_test    seed : 62952
test_name : axi_increment_burst_test    seed : 91999
test_name : axi_increment_burst_test    seed : 27334
test_name : axi_increment_burst_test    seed : 42172
test_name : axi_increment_burst_test    seed : 29679
test_name : axi_increment_burst_test    seed : 28911
test_name : axi_random_wstrb_test    seed : 77463
test_name : axi_random_wstrb_test    seed : 79113
test_name : axi_random_wstrb_test    seed : 79604
test_name : axi_random_wstrb_test    seed : 16676
test_name : axi_random_wstrb_test    seed : 56738
test_name : axi_random_wstrb_test    seed : 41378
test_name : axi_random_wstrb_test    seed : 22894
test_name : axi_random_wstrb_test    seed : 32472
test_name : axi_random_wstrb_test    seed : 36175
test_name : axi_random_wstrb_test    seed : 67997
test_name : axi_random_wstrb_test    seed : 92421
test_name : axi_random_wstrb_test    seed : 55224
test_name : axi_random_wstrb_test    seed : 1952
test_name : axi_random_wstrb_test    seed : 30319
test_name : axi_random_wstrb_test    seed : 90562
test_name : axi_random_wstrb_test    seed : 83652
test_name : axi_random_wstrb_test    seed : 67272
test_name : axi_random_wstrb_test    seed : 54373
test_name : axi_random_wstrb_test    seed : 15479
test_name : axi_random_wstrb_test    seed : 45418
test_name : axi_random_wstrb_test    seed : 24053
test_name : axi_random_wstrb_test    seed : 68850
test_name : axi_random_wstrb_test    seed : 94961
test_name : axi_random_wstrb_test    seed : 53322
test_name : axi_random_wstrb_test    seed : 58959
test_name : axi_random_wstrb_test    seed : 72585
test_name : axi_random_wstrb_test    seed : 18623
test_name : axi_random_wstrb_test    seed : 71280
test_name : axi_random_wstrb_test    seed : 25319
test_name : axi_random_wstrb_test    seed : 90160
test_name : axi_random_wstrb_test    seed : 55503
test_name : axi_random_wstrb_test    seed : 137
test_name : axi_random_wstrb_test    seed : 17622
test_name : axi_random_wstrb_test    seed : 41002
test_name : axi_random_wstrb_test    seed : 726
test_name : axi_random_wstrb_test    seed : 79972
test_name : axi_random_wstrb_test    seed : 29011
test_name : axi_random_wstrb_test    seed : 82079
test_name : axi_random_wstrb_test    seed : 46957
test_name : axi_random_wstrb_test    seed : 81301
test_name : axi_random_wstrb_test    seed : 94964
test_name : axi_random_wstrb_test    seed : 7435
test_name : axi_random_wstrb_test    seed : 91365
test_name : axi_random_wstrb_test    seed : 49369
test_name : axi_random_wstrb_test    seed : 94305
test_name : axi_random_wstrb_test    seed : 48555
test_name : axi_random_wstrb_test    seed : 92396
test_name : axi_random_wstrb_test    seed : 1538
test_name : axi_random_wstrb_test    seed : 17964
test_name : axi_random_wstrb_test    seed : 31356
test_name : axi_random_wr_rd_16wstrb_test    seed : 90970
test_name : axi_random_wr_rd_16wstrb_test    seed : 12652
test_name : axi_random_wr_rd_16wstrb_test    seed : 48134
test_name : axi_random_wr_rd_16wstrb_test    seed : 10864
test_name : axi_random_wr_rd_16wstrb_test    seed : 24027
test_name : axi_random_wr_rd_16wstrb_test    seed : 63294
test_name : axi_random_wr_rd_16wstrb_test    seed : 57572
test_name : axi_random_wr_rd_16wstrb_test    seed : 39874
test_name : axi_random_wr_rd_16wstrb_test    seed : 33410
test_name : axi_random_wr_rd_16wstrb_test    seed : 54150
test_name : axi_random_wr_rd_16wstrb_test    seed : 27909
test_name : axi_random_wr_rd_16wstrb_test    seed : 88702
test_name : axi_random_wr_rd_16wstrb_test    seed : 16845
test_name : axi_random_wr_rd_16wstrb_test    seed : 90655
test_name : axi_random_wr_rd_16wstrb_test    seed : 54559
test_name : axi_random_wr_rd_16wstrb_test    seed : 39066
test_name : axi_random_wr_rd_16wstrb_test    seed : 69550
test_name : axi_random_wr_rd_16wstrb_test    seed : 26692
test_name : axi_random_wr_rd_16wstrb_test    seed : 6899
test_name : axi_random_wr_rd_16wstrb_test    seed : 34986
test_name : axi_random_wr_rd_16wstrb_test    seed : 22388
test_name : axi_random_wr_rd_16wstrb_test    seed : 87072
test_name : axi_random_wr_rd_16wstrb_test    seed : 19091
test_name : axi_random_wr_rd_16wstrb_test    seed : 10014
test_name : axi_random_wr_rd_16wstrb_test    seed : 25483
test_name : axi_random_wr_rd_16wstrb_test    seed : 4930
test_name : axi_random_wr_rd_16wstrb_test    seed : 17525
test_name : axi_random_wr_rd_16wstrb_test    seed : 85003
test_name : axi_random_wr_rd_16wstrb_test    seed : 42868
test_name : axi_random_wr_rd_16wstrb_test    seed : 52687
test_name : axi_random_wr_rd_16wstrb_test    seed : 34362
test_name : axi_random_wr_rd_16wstrb_test    seed : 69770
test_name : axi_random_wr_rd_16wstrb_test    seed : 84930
test_name : axi_random_wr_rd_16wstrb_test    seed : 81316
test_name : axi_random_wr_rd_16wstrb_test    seed : 96897
test_name : axi_random_wr_rd_16wstrb_test    seed : 20515
test_name : axi_random_wr_rd_16wstrb_test    seed : 89565
test_name : axi_random_wr_rd_16wstrb_test    seed : 30939
test_name : axi_random_wr_rd_16wstrb_test    seed : 24029
test_name : axi_random_wr_rd_16wstrb_test    seed : 31487
test_name : axi_random_wr_rd_16wstrb_test    seed : 81745
test_name : axi_random_wr_rd_16wstrb_test    seed : 31886
test_name : axi_random_wr_rd_16wstrb_test    seed : 53646
test_name : axi_random_wr_rd_16wstrb_test    seed : 42463
test_name : axi_random_wr_rd_16wstrb_test    seed : 63613
test_name : axi_random_wr_rd_16wstrb_test    seed : 76062
test_name : axi_random_wr_rd_16wstrb_test    seed : 88178
test_name : axi_random_wr_rd_16wstrb_test    seed : 55073
test_name : axi_random_wr_rd_16wstrb_test    seed : 65499
test_name : axi_random_wr_rd_16wstrb_test    seed : 27495
test_name : axi_concurrent_test    seed : 95395
test_name : axi_concurrent_test    seed : 92106
test_name : axi_concurrent_test    seed : 82164
test_name : axi_concurrent_test    seed : 33203
test_name : axi_concurrent_test    seed : 73248
test_name : axi_concurrent_test    seed : 39983
test_name : axi_concurrent_test    seed : 20801
test_name : axi_concurrent_test    seed : 42844
test_name : axi_concurrent_test    seed : 62229
test_name : axi_concurrent_test    seed : 59792
test_name : axi_concurrent_test    seed : 48407
test_name : axi_concurrent_test    seed : 1120
test_name : axi_concurrent_test    seed : 17548
test_name : axi_concurrent_test    seed : 75142
test_name : axi_concurrent_test    seed : 79309
test_name : axi_concurrent_test    seed : 20381
test_name : axi_concurrent_test    seed : 83040
test_name : axi_concurrent_test    seed : 72924
test_name : axi_concurrent_test    seed : 30034
test_name : axi_concurrent_test    seed : 3745
test_name : axi_concurrent_test    seed : 5951
test_name : axi_concurrent_test    seed : 27498
test_name : axi_concurrent_test    seed : 62318
test_name : axi_concurrent_test    seed : 79126
test_name : axi_concurrent_test    seed : 8902
test_name : axi_concurrent_test    seed : 60326
test_name : axi_concurrent_test    seed : 67481
test_name : axi_concurrent_test    seed : 31390
test_name : axi_concurrent_test    seed : 74827
test_name : axi_concurrent_test    seed : 20324
test_name : axi_concurrent_test    seed : 31350
test_name : axi_concurrent_test    seed : 19441
test_name : axi_concurrent_test    seed : 80383
test_name : axi_concurrent_test    seed : 48852
test_name : axi_concurrent_test    seed : 80633
test_name : axi_concurrent_test    seed : 24956
test_name : axi_concurrent_test    seed : 31455
test_name : axi_concurrent_test    seed : 25163
test_name : axi_concurrent_test    seed : 4354
test_name : axi_concurrent_test    seed : 63980
test_name : axi_concurrent_test    seed : 54236
test_name : axi_concurrent_test    seed : 59921
test_name : axi_concurrent_test    seed : 80682
test_name : axi_concurrent_test    seed : 67242
test_name : axi_concurrent_test    seed : 90893
test_name : axi_concurrent_test    seed : 67162
test_name : axi_concurrent_test    seed : 15936
test_name : axi_concurrent_test    seed : 92311
test_name : axi_concurrent_test    seed : 48938
test_name : axi_concurrent_test    seed : 38605
test_name : axi_handshake_test    seed : 22423
test_name : axi_handshake_test    seed : 14288
test_name : axi_handshake_test    seed : 87706
test_name : axi_handshake_test    seed : 22560
test_name : axi_handshake_test    seed : 61441
test_name : axi_handshake_test    seed : 72110
test_name : axi_handshake_test    seed : 68270
test_name : axi_handshake_test    seed : 65950
test_name : axi_handshake_test    seed : 51517
test_name : axi_handshake_test    seed : 46666
test_name : axi_handshake_test    seed : 89952
test_name : axi_handshake_test    seed : 69228
test_name : axi_handshake_test    seed : 66773
test_name : axi_handshake_test    seed : 63385
test_name : axi_handshake_test    seed : 27479
test_name : axi_handshake_test    seed : 76406
test_name : axi_handshake_test    seed : 11135
test_name : axi_handshake_test    seed : 45714
test_name : axi_handshake_test    seed : 28485
test_name : axi_handshake_test    seed : 36402
test_name : axi_handshake_test    seed : 68531
test_name : axi_handshake_test    seed : 73823
test_name : axi_handshake_test    seed : 37496
test_name : axi_handshake_test    seed : 26564
test_name : axi_handshake_test    seed : 72838
test_name : axi_handshake_test    seed : 2966
test_name : axi_handshake_test    seed : 55886
test_name : axi_handshake_test    seed : 88133
test_name : axi_handshake_test    seed : 72294
test_name : axi_handshake_test    seed : 73149
test_name : axi_handshake_test    seed : 99273
test_name : axi_handshake_test    seed : 38847
test_name : axi_handshake_test    seed : 47720
test_name : axi_handshake_test    seed : 52332
test_name : axi_handshake_test    seed : 66258
test_name : axi_handshake_test    seed : 66484
test_name : axi_handshake_test    seed : 80871
test_name : axi_handshake_test    seed : 32306
test_name : axi_handshake_test    seed : 22522
test_name : axi_handshake_test    seed : 74328
test_name : axi_handshake_test    seed : 15519
test_name : axi_handshake_test    seed : 74102
test_name : axi_handshake_test    seed : 39595
test_name : axi_handshake_test    seed : 15131
test_name : axi_handshake_test    seed : 48837
test_name : axi_handshake_test    seed : 39277
test_name : axi_handshake_test    seed : 10955
test_name : axi_handshake_test    seed : 72602
test_name : axi_handshake_test    seed : 81821
test_name : axi_handshake_test    seed : 57401
test_name : axi_multiple_outstanding_address_test    seed : 22629
test_name : axi_multiple_outstanding_address_test    seed : 1779
test_name : axi_multiple_outstanding_address_test    seed : 24875
test_name : axi_multiple_outstanding_address_test    seed : 57551
test_name : axi_multiple_outstanding_address_test    seed : 49587
test_name : axi_multiple_outstanding_address_test    seed : 33399
test_name : axi_multiple_outstanding_address_test    seed : 36428
test_name : axi_multiple_outstanding_address_test    seed : 23481
test_name : axi_multiple_outstanding_address_test    seed : 21792
test_name : axi_multiple_outstanding_address_test    seed : 58686
test_name : axi_multiple_outstanding_address_test    seed : 89243
test_name : axi_multiple_outstanding_address_test    seed : 35512
test_name : axi_multiple_outstanding_address_test    seed : 88749
test_name : axi_multiple_outstanding_address_test    seed : 4600
test_name : axi_multiple_outstanding_address_test    seed : 39590
test_name : axi_multiple_outstanding_address_test    seed : 6066
test_name : axi_multiple_outstanding_address_test    seed : 63340
test_name : axi_multiple_outstanding_address_test    seed : 64583
test_name : axi_multiple_outstanding_address_test    seed : 80093
test_name : axi_multiple_outstanding_address_test    seed : 45438
test_name : axi_multiple_outstanding_address_test    seed : 44159
test_name : axi_multiple_outstanding_address_test    seed : 84371
test_name : axi_multiple_outstanding_address_test    seed : 7048
test_name : axi_multiple_outstanding_address_test    seed : 56933
test_name : axi_multiple_outstanding_address_test    seed : 70704
test_name : axi_multiple_outstanding_address_test    seed : 98414
test_name : axi_multiple_outstanding_address_test    seed : 29455
test_name : axi_multiple_outstanding_address_test    seed : 29337
test_name : axi_multiple_outstanding_address_test    seed : 22737
test_name : axi_multiple_outstanding_address_test    seed : 41326
test_name : axi_multiple_outstanding_address_test    seed : 99680
test_name : axi_multiple_outstanding_address_test    seed : 95036
test_name : axi_multiple_outstanding_address_test    seed : 19780
test_name : axi_multiple_outstanding_address_test    seed : 5587
test_name : axi_multiple_outstanding_address_test    seed : 97334
test_name : axi_multiple_outstanding_address_test    seed : 55503
test_name : axi_multiple_outstanding_address_test    seed : 39803
test_name : axi_multiple_outstanding_address_test    seed : 5938
test_name : axi_multiple_outstanding_address_test    seed : 49049
test_name : axi_multiple_outstanding_address_test    seed : 45658
test_name : axi_multiple_outstanding_address_test    seed : 59126
test_name : axi_multiple_outstanding_address_test    seed : 30765
test_name : axi_multiple_outstanding_address_test    seed : 695
test_name : axi_multiple_outstanding_address_test    seed : 44462
test_name : axi_multiple_outstanding_address_test    seed : 14878
test_name : axi_multiple_outstanding_address_test    seed : 88879
test_name : axi_multiple_outstanding_address_test    seed : 66245
test_name : axi_multiple_outstanding_address_test    seed : 22485
test_name : axi_multiple_outstanding_address_test    seed : 23952
test_name : axi_multiple_outstanding_address_test    seed : 87783
test_name : axi_all_3_burst_test    seed : 83039
test_name : axi_all_3_burst_test    seed : 5894
test_name : axi_all_3_burst_test    seed : 20526
test_name : axi_all_3_burst_test    seed : 37504
test_name : axi_all_3_burst_test    seed : 88167
test_name : axi_all_3_burst_test    seed : 89897
test_name : axi_all_3_burst_test    seed : 30285
test_name : axi_all_3_burst_test    seed : 56862
test_name : axi_all_3_burst_test    seed : 59794
test_name : axi_all_3_burst_test    seed : 39132
test_name : axi_all_3_burst_test    seed : 11483
test_name : axi_all_3_burst_test    seed : 50424
test_name : axi_all_3_burst_test    seed : 12762
test_name : axi_all_3_burst_test    seed : 5438
test_name : axi_all_3_burst_test    seed : 8850
test_name : axi_all_3_burst_test    seed : 22074
test_name : axi_all_3_burst_test    seed : 4966
test_name : axi_all_3_burst_test    seed : 89036
test_name : axi_all_3_burst_test    seed : 79808
test_name : axi_all_3_burst_test    seed : 31891
test_name : axi_all_3_burst_test    seed : 62687
test_name : axi_all_3_burst_test    seed : 83097
test_name : axi_all_3_burst_test    seed : 26971
test_name : axi_all_3_burst_test    seed : 87869
test_name : axi_all_3_burst_test    seed : 15254
test_name : axi_all_3_burst_test    seed : 16278
test_name : axi_all_3_burst_test    seed : 65846
test_name : axi_all_3_burst_test    seed : 82690
test_name : axi_all_3_burst_test    seed : 95524
test_name : axi_all_3_burst_test    seed : 36909
test_name : axi_all_3_burst_test    seed : 51198
test_name : axi_all_3_burst_test    seed : 42499
test_name : axi_all_3_burst_test    seed : 99278
test_name : axi_all_3_burst_test    seed : 36528
test_name : axi_all_3_burst_test    seed : 4512
test_name : axi_all_3_burst_test    seed : 92281
test_name : axi_all_3_burst_test    seed : 47886
test_name : axi_all_3_burst_test    seed : 61345
test_name : axi_all_3_burst_test    seed : 23375
test_name : axi_all_3_burst_test    seed : 68288
test_name : axi_all_3_burst_test    seed : 91629
test_name : axi_all_3_burst_test    seed : 6533
test_name : axi_all_3_burst_test    seed : 1738
test_name : axi_all_3_burst_test    seed : 18138
test_name : axi_all_3_burst_test    seed : 60611
test_name : axi_all_3_burst_test    seed : 80061
test_name : axi_all_3_burst_test    seed : 58514
test_name : axi_all_3_burst_test    seed : 33951
test_name : axi_all_3_burst_test    seed : 84102
test_name : axi_all_3_burst_test    seed : 86771
test_name : axi_reset_test    seed : 16881
test_name : axi_reset_test    seed : 12531
test_name : axi_reset_test    seed : 82753
test_name : axi_reset_test    seed : 47812
test_name : axi_reset_test    seed : 24111
test_name : axi_reset_test    seed : 42569
test_name : axi_reset_test    seed : 99791
test_name : axi_reset_test    seed : 90110
test_name : axi_reset_test    seed : 73461
test_name : axi_reset_test    seed : 84463
test_name : axi_reset_test    seed : 93179
test_name : axi_reset_test    seed : 21643
test_name : axi_reset_test    seed : 27436
test_name : axi_reset_test    seed : 50278
test_name : axi_reset_test    seed : 9649
test_name : axi_reset_test    seed : 33858
test_name : axi_reset_test    seed : 32829
test_name : axi_reset_test    seed : 65010
test_name : axi_reset_test    seed : 10304
test_name : axi_reset_test    seed : 27005
test_name : axi_reset_test    seed : 19842
test_name : axi_reset_test    seed : 15432
test_name : axi_reset_test    seed : 5660
test_name : axi_reset_test    seed : 48577
test_name : axi_reset_test    seed : 43171
test_name : axi_reset_test    seed : 78043
test_name : axi_reset_test    seed : 82898
test_name : axi_reset_test    seed : 31980
test_name : axi_reset_test    seed : 25281
test_name : axi_reset_test    seed : 85670
test_name : axi_reset_test    seed : 99955
test_name : axi_reset_test    seed : 61235
test_name : axi_reset_test    seed : 19725
test_name : axi_reset_test    seed : 5081
test_name : axi_reset_test    seed : 67839
test_name : axi_reset_test    seed : 8563
test_name : axi_reset_test    seed : 14000
test_name : axi_reset_test    seed : 81283
test_name : axi_reset_test    seed : 14990
test_name : axi_reset_test    seed : 62532
test_name : axi_reset_test    seed : 21173
test_name : axi_reset_test    seed : 73003
test_name : axi_reset_test    seed : 4353
test_name : axi_reset_test    seed : 3778
test_name : axi_reset_test    seed : 71769
test_name : axi_reset_test    seed : 87204
test_name : axi_reset_test    seed : 66348
test_name : axi_reset_test    seed : 88648
test_name : axi_reset_test    seed : 61867
test_name : axi_reset_test    seed : 86396
